<?xml version="1.0" encoding="UTF-8"?>
<testng-results ignored="0" total="1" passed="1" failed="0" skipped="0">
  <reporter-output>
  </reporter-output>
  <suite started-at="2022-11-24T19:13:39 IST" name="Default suite" finished-at="2022-11-24T19:13:58 IST" duration-ms="19207">
    <groups>
    </groups>
    <test started-at="2022-11-24T19:13:39 IST" name="Default test" finished-at="2022-11-24T19:13:58 IST" duration-ms="19207">
      <class name="Apple.ExecuteTest">
        <test-method is-config="true" signature="setup()[pri:0, instance:Apple.ExecuteTest@38d8f54a]" started-at="2022-11-24T19:13:39 IST" name="setup" finished-at="2022-11-24T19:13:42 IST" duration-ms="3423" status="PASS">
          <reporter-output>
          </reporter-output>
        </test-method> <!-- setup -->
        <test-method signature="toTest()[pri:0, instance:Apple.ExecuteTest@38d8f54a]" started-at="2022-11-24T19:13:42 IST" name="toTest" finished-at="2022-11-24T19:13:58 IST" duration-ms="15477" status="PASS">
          <reporter-output>
          </reporter-output>
        </test-method> <!-- toTest -->
        <test-method is-config="true" signature="close()[pri:0, instance:Apple.ExecuteTest@38d8f54a]" started-at="2022-11-24T19:13:58 IST" name="close" finished-at="2022-11-24T19:13:58 IST" duration-ms="245" status="PASS">
          <reporter-output>
          </reporter-output>
        </test-method> <!-- close -->
      </class> <!-- Apple.ExecuteTest -->
    </test> <!-- Default test -->
  </suite> <!-- Default suite -->
</testng-results>
